kotlin version: 2.2.0
error message: org.jetbrains.kotlin.backend.common.CompilationException: Back-end: Please report this problem https://kotl.in/issue
C:/My_Projects/JobAggregator/app/src/main/java/com/example/jobaggregator/data/JobCard.kt:9:1
Problem with `@Serializable
@StabilityInferred(parameters = 0)
data class JobCard {
  constructor(publicationDate: LocalDate, jobTitle: String, jobDescription: String?, jobLocation: String?, jobCompany: String?, jobSalary: String?, jobUrl: Url) /* primary */ {
    super/*Any*/()
    /* <init>() */

  }

  @Contextual
  val publicationDate: LocalDate
    field = publicationDate
    get

  val jobTitle: String
    field = jobTitle
    get

  val jobDescription: String?
    field = jobDescription
    get

  val jobLocation: String?
    field = jobLocation
    get

  val jobCompany: String?
    field = jobCompany
    get

  val jobSalary: String?
    field = jobSalary
    get

  val jobUrl: Url
    field = jobUrl
    get

  companion object Companion {
    private constructor() /* primary */ {
      super/*Any*/()
      /* <init>() */

    }

    fun serializer(): KSerializer<JobCard>

    /* fake */ override operator fun equals(other: Any?): Boolean

    /* fake */ override fun hashCode(): Int

    /* fake */ override fun toString(): String

  }

  @Deprecated(message = "This synthesized declaration should not be used directly", level = DeprecationLevel.HIDDEN)
  @StabilityInferred(parameters = 0)
  object $serializer : GeneratedSerializer<JobCard> {
    private constructor() /* primary */ {
      super/*Any*/()
      /* <init>() */

    }

    override fun serialize(encoder: Encoder, value: JobCard)

    override fun deserialize(decoder: Decoder): JobCard

    override val descriptor: SerialDescriptor
      override get

    override fun childSerializers(): Array<KSerializer<*>>

    /* fake */ override fun typeParametersSerializers(): Array<KSerializer<*>>

    /* fake */ override operator fun equals(other: Any?): Boolean

    /* fake */ override fun hashCode(): Int

    /* fake */ override fun toString(): String

    /* static final field */ val $stable: Int = 8
  }

  operator fun component1(): LocalDate {
    return <this>.#publicationDate
  }

  operator fun component2(): String {
    return <this>.#jobTitle
  }

  operator fun component3(): String? {
    return <this>.#jobDescription
  }

  operator fun component4(): String? {
    return <this>.#jobLocation
  }

  operator fun component5(): String? {
    return <this>.#jobCompany
  }

  operator fun component6(): String? {
    return <this>.#jobSalary
  }

  operator fun component7(): Url {
    return <this>.#jobUrl
  }

  fun copy(publicationDate: LocalDate = <this>.#publicationDate, jobTitle: String = <this>.#jobTitle, jobDescription: String? = <this>.#jobDescription, jobLocation: String? = <this>.#jobLocation, jobCompany: String? = <this>.#jobCompany, jobSalary: String? = <this>.#jobSalary, jobUrl: Url = <this>.#jobUrl): JobCard {
    return JobCard(publicationDate = publicationDate, jobTitle = jobTitle, jobDescription = jobDescription, jobLocation = jobLocation, jobCompany = jobCompany, jobSalary = jobSalary, jobUrl = jobUrl)
  }

  override fun toString(): String {
    return "JobCard(" + "publicationDate=" + <this>.#publicationDate + ", " + "jobTitle=" + <this>.#jobTitle + ", " + "jobDescription=" + <this>.#jobDescription + ", " + "jobLocation=" + <this>.#jobLocation + ", " + "jobCompany=" + <this>.#jobCompany + ", " + "jobSalary=" + <this>.#jobSalary + ", " + "jobUrl=" + <this>.#jobUrl + ")"
  }

  override fun hashCode(): Int {
    var result: Int = <this>.#publicationDate.hashCode()
    result = result.times(other = 31).plus(other = <this>.#jobTitle.hashCode())
    result = result.times(other = 31).plus(other = when {
      EQEQ(arg0 = <this>.#jobDescription, arg1 = null) -> 0
      else -> <this>.#jobDescription.hashCode()
    })
    result = result.times(other = 31).plus(other = when {
      EQEQ(arg0 = <this>.#jobLocation, arg1 = null) -> 0
      else -> <this>.#jobLocation.hashCode()
    })
    result = result.times(other = 31).plus(other = when {
      EQEQ(arg0 = <this>.#jobCompany, arg1 = null) -> 0
      else -> <this>.#jobCompany.hashCode()
    })
    result = result.times(other = 31).plus(other = when {
      EQEQ(arg0 = <this>.#jobSalary, arg1 = null) -> 0
      else -> <this>.#jobSalary.hashCode()
    })
    result = result.times(other = 31).plus(other = <this>.#jobUrl.hashCode())
    return result
  }

  override operator fun equals(other: Any?): Boolean {
    when {
      EQEQEQ(arg0 = <this>, arg1 = other) -> return true
    }
    when {
      other !is JobCard -> return false
    }
    val tmp0_other_with_cast: JobCard = other as JobCard
    when {
      EQEQ(arg0 = <this>.#publicationDate, arg1 = tmp0_other_with_cast.#publicationDate).not() -> return false
    }
    when {
      EQEQ(arg0 = <this>.#jobTitle, arg1 = tmp0_other_with_cast.#jobTitle).not() -> return false
    }
    when {
      EQEQ(arg0 = <this>.#jobDescription, arg1 = tmp0_other_with_cast.#jobDescription).not() -> return false
    }
    when {
      EQEQ(arg0 = <this>.#jobLocation, arg1 = tmp0_other_with_cast.#jobLocation).not() -> return false
    }
    when {
      EQEQ(arg0 = <this>.#jobCompany, arg1 = tmp0_other_with_cast.#jobCompany).not() -> return false
    }
    when {
      EQEQ(arg0 = <this>.#jobSalary, arg1 = tmp0_other_with_cast.#jobSalary).not() -> return false
    }
    when {
      EQEQ(arg0 = <this>.#jobUrl, arg1 = tmp0_other_with_cast.#jobUrl).not() -> return false
    }
    return true
  }

  /* static final field */ val $stable: Int = 8
  @JvmStatic
  internal /* static */ fun write$Self(self: JobCard, output: CompositeEncoder, serialDesc: SerialDescriptor)

  internal constructor(seen0: Int, publicationDate: LocalDate?, jobTitle: String?, jobDescription: String?, jobLocation: String?, jobCompany: String?, jobSalary: String?, jobUrl: Url?, serializationConstructorMarker: SerializationConstructorMarker?)

}

`
Details: kotlinx.serialization compiler plugin internal error: unable to transform declaration, see cause
	at org.jetbrains.kotlinx.serialization.compiler.extensions.SerializerClassLowering.lower(SerializationLoweringExtension.kt:233)
	at org.jetbrains.kotlinx.serialization.compiler.extensions.SerializationLoweringExtensionKt$runOnFileInOrder$1.visitClass(SerializationLoweringExtension.kt:46)
	at org.jetbrains.kotlin.ir.visitors.IrVisitorVoid.visitClass(IrVisitorVoid.kt:44)
	at org.jetbrains.kotlin.ir.visitors.IrVisitorVoid.visitClass(IrVisitorVoid.kt:18)
	at org.jetbrains.kotlin.ir.declarations.IrClass.accept(IrClass.kt:72)
	at org.jetbrains.kotlin.ir.declarations.IrPackageFragment.acceptChildren(IrPackageFragment.kt:27)
	at org.jetbrains.kotlin.ir.visitors.IrVisitorsKt.acceptChildrenVoid(IrVisitors.kt:23)
	at org.jetbrains.kotlinx.serialization.compiler.extensions.SerializationLoweringExtensionKt$runOnFileInOrder$1.visitElement(SerializationLoweringExtension.kt:42)
	at org.jetbrains.kotlin.ir.visitors.IrVisitorVoid.visitPackageFragment(IrVisitorVoid.kt:168)
	at org.jetbrains.kotlin.ir.visitors.IrVisitorVoid.visitFile(IrVisitorVoid.kt:184)
	at org.jetbrains.kotlin.ir.visitors.IrVisitorVoid.visitFile(IrVisitorVoid.kt:180)
	at org.jetbrains.kotlin.ir.visitors.IrVisitorVoid.visitFile(IrVisitorVoid.kt:18)
	at org.jetbrains.kotlin.ir.declarations.IrFile.accept(IrFile.kt:27)
	at org.jetbrains.kotlin.ir.visitors.IrVisitorsKt.acceptVoid(IrVisitors.kt:11)
	at org.jetbrains.kotlinx.serialization.compiler.extensions.SerializationLoweringExtensionKt.runOnFileInOrder(SerializationLoweringExtension.kt:40)
	at org.jetbrains.kotlinx.serialization.compiler.extensions.SerializationLoweringExtension.generate(SerializationLoweringExtension.kt:197)
	at org.jetbrains.kotlin.fir.pipeline.ConvertToIrKt.applyIrGenerationExtensions(convertToIr.kt:468)
	at org.jetbrains.kotlin.fir.pipeline.Fir2IrPipeline.runActualizationPipeline(convertToIr.kt:245)
	at org.jetbrains.kotlin.fir.pipeline.Fir2IrPipeline.convertToIrAndActualize(convertToIr.kt:128)
	at org.jetbrains.kotlin.fir.pipeline.ConvertToIrKt.convertToIrAndActualize(convertToIr.kt:97)
	at org.jetbrains.kotlin.fir.pipeline.ConvertToIrKt.convertToIrAndActualize$default(convertToIr.kt:72)
	at org.jetbrains.kotlin.cli.jvm.compiler.legacy.pipeline.JvmCompilerPipelineKt.convertToIrAndActualizeForJvm(jvmCompilerPipeline.kt:109)
	at org.jetbrains.kotlin.cli.pipeline.jvm.JvmFir2IrPipelinePhase.executePhase(JvmFir2IrPipelinePhase.kt:26)
	at org.jetbrains.kotlin.cli.pipeline.jvm.JvmFir2IrPipelinePhase.executePhase(JvmFir2IrPipelinePhase.kt:17)
	at org.jetbrains.kotlin.cli.pipeline.PipelinePhase.phaseBody(PipelinePhase.kt:68)
	at org.jetbrains.kotlin.cli.pipeline.PipelinePhase.phaseBody(PipelinePhase.kt:58)
	at org.jetbrains.kotlin.config.phaser.NamedCompilerPhase.invoke(CompilerPhase.kt:102)
	at org.jetbrains.kotlin.backend.common.phaser.CompositePhase.invoke(PhaseBuilders.kt:22)
	at org.jetbrains.kotlin.config.phaser.CompilerPhaseKt.invokeToplevel(CompilerPhase.kt:53)
	at org.jetbrains.kotlin.cli.pipeline.AbstractCliPipeline.runPhasedPipeline(AbstractCliPipeline.kt:109)
	at org.jetbrains.kotlin.cli.pipeline.AbstractCliPipeline.execute(AbstractCliPipeline.kt:68)
	at org.jetbrains.kotlin.cli.jvm.K2JVMCompiler.doExecutePhased(K2JVMCompiler.kt:78)
	at org.jetbrains.kotlin.cli.jvm.K2JVMCompiler.doExecutePhased(K2JVMCompiler.kt:44)
	at org.jetbrains.kotlin.cli.common.CLICompiler.execImpl(CLICompiler.kt:90)
	at org.jetbrains.kotlin.cli.common.CLICompiler.exec(CLICompiler.kt:352)
	at org.jetbrains.kotlin.incremental.IncrementalJvmCompilerRunnerBase.runCompiler(IncrementalJvmCompilerRunnerBase.kt:175)
	at org.jetbrains.kotlin.incremental.IncrementalJvmCompilerRunnerBase.runCompiler(IncrementalJvmCompilerRunnerBase.kt:38)
	at org.jetbrains.kotlin.incremental.IncrementalCompilerRunner.doCompile(IncrementalCompilerRunner.kt:504)
	at org.jetbrains.kotlin.incremental.IncrementalCompilerRunner.compileImpl(IncrementalCompilerRunner.kt:421)
	at org.jetbrains.kotlin.incremental.IncrementalCompilerRunner.compileNonIncrementally(IncrementalCompilerRunner.kt:306)
	at org.jetbrains.kotlin.incremental.IncrementalCompilerRunner.compile(IncrementalCompilerRunner.kt:133)
	at org.jetbrains.kotlin.daemon.CompileServiceImplBase.execIncrementalCompiler(CompileServiceImpl.kt:679)
	at org.jetbrains.kotlin.daemon.CompileServiceImplBase.access$execIncrementalCompiler(CompileServiceImpl.kt:93)
	at org.jetbrains.kotlin.daemon.CompileServiceImpl.compile(CompileServiceImpl.kt:1806)
	at java.base/jdk.internal.reflect.DirectMethodHandleAccessor.invoke(DirectMethodHandleAccessor.java:103)
	at java.base/java.lang.reflect.Method.invoke(Method.java:580)
	at java.rmi/sun.rmi.server.UnicastServerRef.dispatch(UnicastServerRef.java:360)
	at java.rmi/sun.rmi.transport.Transport$1.run(Transport.java:200)
	at java.rmi/sun.rmi.transport.Transport$1.run(Transport.java:197)
	at java.base/java.security.AccessController.doPrivileged(AccessController.java:714)
	at java.rmi/sun.rmi.transport.Transport.serviceCall(Transport.java:196)
	at java.rmi/sun.rmi.transport.tcp.TCPTransport.handleMessages(TCPTransport.java:598)
	at java.rmi/sun.rmi.transport.tcp.TCPTransport$ConnectionHandler.run0(TCPTransport.java:844)
	at java.rmi/sun.rmi.transport.tcp.TCPTransport$ConnectionHandler.lambda$run$0(TCPTransport.java:721)
	at java.base/java.security.AccessController.doPrivileged(AccessController.java:400)
	at java.rmi/sun.rmi.transport.tcp.TCPTransport$ConnectionHandler.run(TCPTransport.java:720)
	at java.base/java.util.concurrent.ThreadPoolExecutor.runWorker(ThreadPoolExecutor.java:1144)
	at java.base/java.util.concurrent.ThreadPoolExecutor$Worker.run(ThreadPoolExecutor.java:642)
	at java.base/java.lang.Thread.run(Thread.java:1583)
Caused by: java.lang.IllegalStateException: Serializer for element of type io.ktor.http.Url has not been found
	at org.jetbrains.kotlinx.serialization.compiler.backend.ir.SerializerSearchUtilKt.findTypeSerializerOrContext(SerializerSearchUtil.kt:85)
	at org.jetbrains.kotlinx.serialization.compiler.backend.ir.SerializerSearchUtilKt.getIrSerialTypeInfo(SerializerSearchUtil.kt:64)
	at org.jetbrains.kotlinx.serialization.compiler.backend.ir.BaseIrGenerator.cacheableChildSerializerInstance(BaseIrGenerator.kt:477)
	at org.jetbrains.kotlinx.serialization.compiler.backend.ir.BaseIrGenerator.createCachedChildSerializers(BaseIrGenerator.kt:469)
	at org.jetbrains.kotlinx.serialization.compiler.backend.ir.SerializableIrGenerator.<init>(SerializableIrGenerator.kt:60)
	at org.jetbrains.kotlinx.serialization.compiler.backend.ir.SerializableIrGenerator$Companion.generate(SerializableIrGenerator.kt:405)
	at org.jetbrains.kotlinx.serialization.compiler.extensions.SerializerClassLowering.lower(SerializationLoweringExtension.kt:149)
	... 58 more


